<?xml version="1.0" encoding="UTF-8"?>
<!-- Generated by org.testng.reporters.JUnitXMLReporter -->
<testsuite ignored="0" hostname="HP" failures="0" tests="6" name="test suit" time="248.617" errors="0" timestamp="09 мар. 2018 07:58:08 GMT">
  <testcase classname="test.TestLogIn" name="testLoginPuchEnter" time="13.135"/>
  <testcase classname="test.TestLogIn" name="testLoginPuchEnter" time="42.388"/>
  <testcase classname="test.TestLogIn" name="testLoginClickButton" time="9.798"/>
  <testcase classname="test.TestLogIn" name="testLoginClickButton" time="42.539"/>
  <testcase classname="test.TestSendMess" name="testSendMessageClickButton" time="11.654"/>
  <testcase classname="test.TestSendMess" name="testSendMessagePuchEnter" time="2.585"/>
</testsuite> <!-- test suit -->
