<?xml version="1.0" encoding="UTF-8"?>
<testsuite name="test suit"
           tests="7"
           failures="0"
           errors="0"
           skipped="0"
           time="98,676">
  <properties />
  
  
            <testcase name="testPostLinksPushEnter" time="4,414" classname="test.TestPostNews" />
                <testcase name="testPostLinksTextClickButton" time="21,997" classname="test.TestPostNews" />
                <testcase name="testPostTextClickButton" time="15,088" classname="test.TestPostNews" />
                <testcase name="testPostTextPushEnter" time="13,601" classname="test.TestPostNews" />
                <testcase name="testPostLinksClickButton" time="4,358" classname="test.TestPostNews" />
                <testcase name="testPostLinksTextPushEnter" time="33,696" classname="test.TestPostNews" />
                <testcase name="testDeleteLastNews" time="5,522" classname="test.TestPostNews" />
      
</testsuite>
