<?xml version="1.0" encoding="UTF-8"?>
<testsuite name="test suit"
           tests="14"
           failures="0"
           errors="0"
           skipped="0"
           time="153,801">
  <properties />
  
  
            <testcase name="testLoginPuchEnter" time="12,506" classname="test.TestLogIn" />
                <testcase name="testLoginClickButton" time="14,374" classname="test.TestLogIn" />
                <testcase name="testLoginClickButton" time="5,219" classname="test.TestLogIn" />
                <testcase name="testLoginPuchEnter" time="13,333" classname="test.TestLogIn" />
                <testcase name="testLoginClickButton" time="13,598" classname="test.TestLogIn" />
                <testcase name="testLoginClickButton" time="13,826" classname="test.TestLogIn" />
                <testcase name="testLoginPuchEnter" time="12,737" classname="test.TestLogIn" />
                <testcase name="testLoginPuchEnter" time="5,080" classname="test.TestLogIn" />
                <testcase name="testLoginPuchEnter" time="13,716" classname="test.TestLogIn" />
                <testcase name="testLoginPuchEnter" time="12,766" classname="test.TestLogIn" />
                <testcase name="testLoginClickButton" time="5,097" classname="test.TestLogIn" />
                <testcase name="testLoginClickButton" time="13,225" classname="test.TestLogIn" />
                <testcase name="testLoginPuchEnter" time="5,363" classname="test.TestLogIn" />
                <testcase name="testLoginClickButton" time="12,961" classname="test.TestLogIn" />
      
</testsuite>
