<?xml version="1.0" encoding="UTF-8"?>
<testng-results ignored="0" total="2" passed="2" failed="0" skipped="0">
  <reporter-output>
  </reporter-output>
  <suite started-at="2018-03-09T17:54:06Z" name="Default suite" finished-at="2018-03-09T17:54:42Z" duration-ms="36093">
    <groups>
      <group name="N">
        <method signature="TestPostNews.testSendMessageClickButton()[pri:20, instance:test.TestPostNews@27462a88]" name="testSendMessageClickButton" class="test.TestPostNews"/>
        <method signature="TestPostNews.testSendMessagePushEnter()[pri:30, instance:test.TestPostNews@27462a88]" name="testSendMessagePushEnter" class="test.TestPostNews"/>
      </group> <!-- N -->
    </groups>
    <test started-at="2018-03-09T17:54:06Z" name="Default test" finished-at="2018-03-09T17:54:42Z" duration-ms="36093">
      <class name="test.TestPostNews">
        <test-method is-config="true" signature="beforeClass()[pri:0, instance:test.TestPostNews@27462a88]" started-at="2018-03-09T17:54:06Z" name="beforeClass" finished-at="2018-03-09T17:54:20Z" duration-ms="14092" status="PASS">
          <reporter-output>
          </reporter-output>
        </test-method> <!-- beforeClass -->
        <test-method signature="testSendMessageClickButton()[pri:20, instance:test.TestPostNews@27462a88]" started-at="2018-03-09T17:54:20Z" name="testSendMessageClickButton" finished-at="2018-03-09T17:54:29Z" duration-ms="8235" status="PASS">
          <reporter-output>
          </reporter-output>
        </test-method> <!-- testSendMessageClickButton -->
        <test-method signature="testSendMessagePushEnter()[pri:30, instance:test.TestPostNews@27462a88]" started-at="2018-03-09T17:54:29Z" name="testSendMessagePushEnter" finished-at="2018-03-09T17:54:36Z" duration-ms="7247" status="PASS">
          <reporter-output>
          </reporter-output>
        </test-method> <!-- testSendMessagePushEnter -->
        <test-method is-config="true" signature="afterClass()[pri:0, instance:test.TestPostNews@27462a88]" started-at="2018-03-09T17:54:36Z" name="afterClass" finished-at="2018-03-09T17:54:42Z" duration-ms="6463" status="PASS">
          <reporter-output>
          </reporter-output>
        </test-method> <!-- afterClass -->
      </class> <!-- test.TestPostNews -->
    </test> <!-- Default test -->
  </suite> <!-- Default suite -->
</testng-results>
