<?xml version="1.0" encoding="UTF-8"?>
<testng-results ignored="0" total="2" passed="2" failed="0" skipped="0">
  <reporter-output>
    <line>
      <![CDATA[test1234]]>
    </line>
    <line>
      <![CDATA[test1234]]>
    </line>
  </reporter-output>
  <suite started-at="2018-03-15T13:10:33Z" name="Default suite" finished-at="2018-03-15T13:11:49Z" duration-ms="75137">
    <groups>
      <group name="LogIn">
        <method signature="TestLogIn.testLoginPuchEnter(java.lang.String, java.lang.String)[pri:10, instance:test.TestLogIn@750e2b97]" name="testLoginPuchEnter" class="test.TestLogIn"/>
      </group> <!-- LogIn -->
    </groups>
    <test started-at="2018-03-15T13:10:33Z" name="Default test" finished-at="2018-03-15T13:11:49Z" duration-ms="75137">
      <class name="test.TestLogIn">
        <test-method is-config="true" signature="beforeClass()[pri:0, instance:test.TestLogIn@750e2b97]" started-at="2018-03-15T13:10:33Z" name="beforeClass" finished-at="2018-03-15T13:10:34Z" duration-ms="215" status="PASS">
          <reporter-output>
          </reporter-output>
        </test-method> <!-- beforeClass -->
        <test-method is-config="true" signature="before()[pri:0, instance:test.TestLogIn@750e2b97]" started-at="2018-03-15T13:10:34Z" name="before" finished-at="2018-03-15T13:10:39Z" duration-ms="5440" status="PASS">
          <reporter-output>
          </reporter-output>
        </test-method> <!-- before -->
        <test-method signature="testLoginPuchEnter(java.lang.String, java.lang.String)[pri:10, instance:test.TestLogIn@750e2b97]" started-at="2018-03-15T13:10:39Z" name="testLoginPuchEnter" data-provider="dp" finished-at="2018-03-15T13:10:44Z" duration-ms="5236" status="PASS">
          <params>
            <param index="0">
              <value>
                <![CDATA[nastya.d.1991@inbox.ru]]>
              </value>
            </param>
            <param index="1">
              <value>
                <![CDATA[test1234]]>
              </value>
            </param>
          </params>
          <reporter-output>
            <line>
              <![CDATA[test1234]]>
            </line>
          </reporter-output>
        </test-method> <!-- testLoginPuchEnter -->
        <test-method is-config="true" signature="after()[pri:0, instance:test.TestLogIn@750e2b97]" started-at="2018-03-15T13:10:44Z" name="after" finished-at="2018-03-15T13:10:51Z" duration-ms="6654" status="PASS">
          <reporter-output>
          </reporter-output>
        </test-method> <!-- after -->
        <test-method is-config="true" signature="before()[pri:0, instance:test.TestLogIn@750e2b97]" started-at="2018-03-15T13:10:51Z" name="before" finished-at="2018-03-15T13:10:56Z" duration-ms="5139" status="PASS">
          <reporter-output>
          </reporter-output>
        </test-method> <!-- before -->
        <test-method signature="testLoginPuchEnter(java.lang.String, java.lang.String)[pri:10, instance:test.TestLogIn@750e2b97]" started-at="2018-03-15T13:10:56Z" name="testLoginPuchEnter" data-provider="dp" finished-at="2018-03-15T13:11:38Z" duration-ms="41573" status="PASS">
          <params>
            <param index="0">
              <value>
                <![CDATA[tes]]>
              </value>
            </param>
            <param index="1">
              <value>
                <![CDATA[test1234]]>
              </value>
            </param>
          </params>
          <reporter-output>
            <line>
              <![CDATA[test1234]]>
            </line>
          </reporter-output>
        </test-method> <!-- testLoginPuchEnter -->
        <test-method is-config="true" signature="after()[pri:0, instance:test.TestLogIn@750e2b97]" started-at="2018-03-15T13:11:38Z" name="after" finished-at="2018-03-15T13:11:49Z" duration-ms="10846" status="PASS">
          <reporter-output>
          </reporter-output>
        </test-method> <!-- after -->
      </class> <!-- test.TestLogIn -->
    </test> <!-- Default test -->
  </suite> <!-- Default suite -->
</testng-results>
